C:/Users/iguglielmone_mecon/Desktop/Juani/UTN/ADT/UTN-Laboratorio1/TPs/TP01/funciones.h:66: warning: argument 'num' of command @param is not found in the argument list of esEntero(float)
C:/Users/iguglielmone_mecon/Desktop/Juani/UTN/ADT/UTN-Laboratorio1/TPs/TP01/funciones.h:110: warning: argument 'num1' of command @param is not found in the argument list of existeDivision(float, float)
C:/Users/iguglielmone_mecon/Desktop/Juani/UTN/ADT/UTN-Laboratorio1/TPs/TP01/funciones.h:110: warning: argument 'num2' of command @param is not found in the argument list of existeDivision(float, float)
C:/Users/iguglielmone_mecon/Desktop/Juani/UTN/ADT/UTN-Laboratorio1/TPs/TP01/funciones.h:119: warning: argument 'operando1' of command @param is not found in the argument list of existeFactorial(char, float)
C:/Users/iguglielmone_mecon/Desktop/Juani/UTN/ADT/UTN-Laboratorio1/TPs/TP01/funciones.h:119: warning: argument 'num1' of command @param is not found in the argument list of existeFactorial(char, float)
C:/Users/iguglielmone_mecon/Desktop/Juani/UTN/ADT/UTN-Laboratorio1/TPs/TP01/funciones.h:94: warning: argument 'operando1' of command @param is not found in the argument list of existenOperandos(char, char, int, float, float)
C:/Users/iguglielmone_mecon/Desktop/Juani/UTN/ADT/UTN-Laboratorio1/TPs/TP01/funciones.h:94: warning: argument 'operando2' of command @param is not found in the argument list of existenOperandos(char, char, int, float, float)
C:/Users/iguglielmone_mecon/Desktop/Juani/UTN/ADT/UTN-Laboratorio1/TPs/TP01/funciones.h:94: warning: argument 'opcion' of command @param is not found in the argument list of existenOperandos(char, char, int, float, float)
C:/Users/iguglielmone_mecon/Desktop/Juani/UTN/ADT/UTN-Laboratorio1/TPs/TP01/funciones.h:94: warning: argument 'num1' of command @param is not found in the argument list of existenOperandos(char, char, int, float, float)
C:/Users/iguglielmone_mecon/Desktop/Juani/UTN/ADT/UTN-Laboratorio1/TPs/TP01/funciones.h:94: warning: argument 'num2' of command @param is not found in the argument list of existenOperandos(char, char, int, float, float)
C:/Users/iguglielmone_mecon/Desktop/Juani/UTN/ADT/UTN-Laboratorio1/TPs/TP01/funciones.h:49: warning: argument 'num1' of command @param is not found in the argument list of funcionDivision(float, float)
C:/Users/iguglielmone_mecon/Desktop/Juani/UTN/ADT/UTN-Laboratorio1/TPs/TP01/funciones.h:49: warning: argument 'num2' of command @param is not found in the argument list of funcionDivision(float, float)
C:/Users/iguglielmone_mecon/Desktop/Juani/UTN/ADT/UTN-Laboratorio1/TPs/TP01/funciones.h:58: warning: argument 'num' of command @param is not found in the argument list of funcionFactorial(float)
C:/Users/iguglielmone_mecon/Desktop/Juani/UTN/ADT/UTN-Laboratorio1/TPs/TP01/funciones.h:40: warning: argument 'num1' of command @param is not found in the argument list of funcionMultiplicacion(float, float)
C:/Users/iguglielmone_mecon/Desktop/Juani/UTN/ADT/UTN-Laboratorio1/TPs/TP01/funciones.h:40: warning: argument 'num2' of command @param is not found in the argument list of funcionMultiplicacion(float, float)
C:/Users/iguglielmone_mecon/Desktop/Juani/UTN/ADT/UTN-Laboratorio1/TPs/TP01/funciones.h:31: warning: argument 'num1' of command @param is not found in the argument list of funcionResta(float, float)
C:/Users/iguglielmone_mecon/Desktop/Juani/UTN/ADT/UTN-Laboratorio1/TPs/TP01/funciones.h:31: warning: argument 'num2' of command @param is not found in the argument list of funcionResta(float, float)
C:/Users/iguglielmone_mecon/Desktop/Juani/UTN/ADT/UTN-Laboratorio1/TPs/TP01/funciones.h:22: warning: argument 'num1' of command @param is not found in the argument list of funcionSuma(float, float)
C:/Users/iguglielmone_mecon/Desktop/Juani/UTN/ADT/UTN-Laboratorio1/TPs/TP01/funciones.h:22: warning: argument 'num2' of command @param is not found in the argument list of funcionSuma(float, float)
C:/Users/iguglielmone_mecon/Desktop/Juani/UTN/ADT/UTN-Laboratorio1/TPs/TP01/funciones.h:86: warning: argument 'codigo' of command @param is not found in the argument list of imprimirError(int)
C:/Users/iguglielmone_mecon/Desktop/Juani/UTN/ADT/UTN-Laboratorio1/TPs/TP01/funciones.h:75: warning: argument 'codigo' of command @param is not found in the argument list of imprimirResultado(int, float)
C:/Users/iguglielmone_mecon/Desktop/Juani/UTN/ADT/UTN-Laboratorio1/TPs/TP01/funciones.h:75: warning: argument 'result' of command @param is not found in the argument list of imprimirResultado(int, float)
C:/Users/iguglielmone_mecon/Desktop/Juani/UTN/ADT/UTN-Laboratorio1/TPs/TP01/funciones.h:66: warning: argument 'num' of command @param is not found in the argument list of esEntero(float)
C:/Users/iguglielmone_mecon/Desktop/Juani/UTN/ADT/UTN-Laboratorio1/TPs/TP01/funciones.h:110: warning: argument 'num1' of command @param is not found in the argument list of existeDivision(float, float)
C:/Users/iguglielmone_mecon/Desktop/Juani/UTN/ADT/UTN-Laboratorio1/TPs/TP01/funciones.h:110: warning: argument 'num2' of command @param is not found in the argument list of existeDivision(float, float)
C:/Users/iguglielmone_mecon/Desktop/Juani/UTN/ADT/UTN-Laboratorio1/TPs/TP01/funciones.h:119: warning: argument 'operando1' of command @param is not found in the argument list of existeFactorial(char, float)
C:/Users/iguglielmone_mecon/Desktop/Juani/UTN/ADT/UTN-Laboratorio1/TPs/TP01/funciones.h:119: warning: argument 'num1' of command @param is not found in the argument list of existeFactorial(char, float)
C:/Users/iguglielmone_mecon/Desktop/Juani/UTN/ADT/UTN-Laboratorio1/TPs/TP01/funciones.h:94: warning: argument 'operando1' of command @param is not found in the argument list of existenOperandos(char, char, int, float, float)
C:/Users/iguglielmone_mecon/Desktop/Juani/UTN/ADT/UTN-Laboratorio1/TPs/TP01/funciones.h:94: warning: argument 'operando2' of command @param is not found in the argument list of existenOperandos(char, char, int, float, float)
C:/Users/iguglielmone_mecon/Desktop/Juani/UTN/ADT/UTN-Laboratorio1/TPs/TP01/funciones.h:94: warning: argument 'opcion' of command @param is not found in the argument list of existenOperandos(char, char, int, float, float)
C:/Users/iguglielmone_mecon/Desktop/Juani/UTN/ADT/UTN-Laboratorio1/TPs/TP01/funciones.h:94: warning: argument 'num1' of command @param is not found in the argument list of existenOperandos(char, char, int, float, float)
C:/Users/iguglielmone_mecon/Desktop/Juani/UTN/ADT/UTN-Laboratorio1/TPs/TP01/funciones.h:94: warning: argument 'num2' of command @param is not found in the argument list of existenOperandos(char, char, int, float, float)
C:/Users/iguglielmone_mecon/Desktop/Juani/UTN/ADT/UTN-Laboratorio1/TPs/TP01/funciones.h:49: warning: argument 'num1' of command @param is not found in the argument list of funcionDivision(float, float)
C:/Users/iguglielmone_mecon/Desktop/Juani/UTN/ADT/UTN-Laboratorio1/TPs/TP01/funciones.h:49: warning: argument 'num2' of command @param is not found in the argument list of funcionDivision(float, float)
C:/Users/iguglielmone_mecon/Desktop/Juani/UTN/ADT/UTN-Laboratorio1/TPs/TP01/funciones.h:58: warning: argument 'num' of command @param is not found in the argument list of funcionFactorial(float)
C:/Users/iguglielmone_mecon/Desktop/Juani/UTN/ADT/UTN-Laboratorio1/TPs/TP01/funciones.h:40: warning: argument 'num1' of command @param is not found in the argument list of funcionMultiplicacion(float, float)
C:/Users/iguglielmone_mecon/Desktop/Juani/UTN/ADT/UTN-Laboratorio1/TPs/TP01/funciones.h:40: warning: argument 'num2' of command @param is not found in the argument list of funcionMultiplicacion(float, float)
C:/Users/iguglielmone_mecon/Desktop/Juani/UTN/ADT/UTN-Laboratorio1/TPs/TP01/funciones.h:31: warning: argument 'num1' of command @param is not found in the argument list of funcionResta(float, float)
C:/Users/iguglielmone_mecon/Desktop/Juani/UTN/ADT/UTN-Laboratorio1/TPs/TP01/funciones.h:31: warning: argument 'num2' of command @param is not found in the argument list of funcionResta(float, float)
C:/Users/iguglielmone_mecon/Desktop/Juani/UTN/ADT/UTN-Laboratorio1/TPs/TP01/funciones.h:22: warning: argument 'num1' of command @param is not found in the argument list of funcionSuma(float, float)
C:/Users/iguglielmone_mecon/Desktop/Juani/UTN/ADT/UTN-Laboratorio1/TPs/TP01/funciones.h:22: warning: argument 'num2' of command @param is not found in the argument list of funcionSuma(float, float)
C:/Users/iguglielmone_mecon/Desktop/Juani/UTN/ADT/UTN-Laboratorio1/TPs/TP01/funciones.h:86: warning: argument 'codigo' of command @param is not found in the argument list of imprimirError(int)
C:/Users/iguglielmone_mecon/Desktop/Juani/UTN/ADT/UTN-Laboratorio1/TPs/TP01/funciones.h:75: warning: argument 'codigo' of command @param is not found in the argument list of imprimirResultado(int, float)
C:/Users/iguglielmone_mecon/Desktop/Juani/UTN/ADT/UTN-Laboratorio1/TPs/TP01/funciones.h:75: warning: argument 'result' of command @param is not found in the argument list of imprimirResultado(int, float)
